<?xml version="1.0" encoding="UTF-8"?>
<coverage generated="1686053059563" clover="3.2.0">
  <project timestamp="1686053059563" name="All files">
    <metrics statements="104" coveredstatements="83" conditionals="32" coveredconditionals="12" methods="42" coveredmethods="26" elements="178" coveredelements="121" complexity="0" loc="104" ncloc="104" packages="3" files="14" classes="14"/>
    <package name="components">
      <metrics statements="37" coveredstatements="29" conditionals="18" coveredconditionals="10" methods="17" coveredmethods="11"/>
      <file name="Body.js" path="/home/sonia/SONIA/Akshay Saini/React/Nam_React_Prac/Ep-13_Exercise/src/components/Body.js">
        <metrics statements="23" coveredstatements="16" conditionals="8" coveredconditionals="5" methods="11" coveredmethods="6"/>
        <line num="10" count="1" type="stmt"/>
        <line num="11" count="8" type="stmt"/>
        <line num="12" count="7" type="stmt"/>
        <line num="14" count="7" type="stmt"/>
        <line num="15" count="7" type="stmt"/>
        <line num="16" count="7" type="cond" truecount="1" falsecount="1"/>
        <line num="17" count="7" type="stmt"/>
        <line num="18" count="7" type="cond" truecount="1" falsecount="1"/>
        <line num="20" count="7" type="stmt"/>
        <line num="21" count="1" type="stmt"/>
        <line num="22" count="15" type="stmt"/>
        <line num="25" count="7" type="cond" truecount="2" falsecount="0"/>
        <line num="39" count="1" type="stmt"/>
        <line num="47" count="1" type="stmt"/>
        <line num="48" count="1" type="stmt"/>
        <line num="55" count="0" type="stmt"/>
        <line num="60" count="0" type="stmt"/>
        <line num="61" count="0" type="stmt"/>
        <line num="63" count="0" type="stmt"/>
        <line num="72" count="0" type="stmt"/>
        <line num="73" count="0" type="stmt"/>
        <line num="75" count="0" type="stmt"/>
        <line num="88" count="46" type="stmt"/>
      </file>
      <file name="Card.js" path="/home/sonia/SONIA/Akshay Saini/React/Nam_React_Prac/Ep-13_Exercise/src/components/Card.js">
        <metrics statements="4" coveredstatements="4" conditionals="6" coveredconditionals="3" methods="1" coveredmethods="1"/>
        <line num="3" count="1" type="stmt"/>
        <line num="4" count="46" type="stmt"/>
        <line num="5" count="46" type="stmt"/>
        <line num="6" count="46" type="stmt"/>
      </file>
      <file name="Header.js" path="/home/sonia/SONIA/Akshay Saini/React/Nam_React_Prac/Ep-13_Exercise/src/components/Header.js">
        <metrics statements="8" coveredstatements="7" conditionals="4" coveredconditionals="2" methods="3" coveredmethods="2"/>
        <line num="10" count="2" type="stmt"/>
        <line num="11" count="6" type="stmt"/>
        <line num="13" count="5" type="stmt"/>
        <line num="14" count="5" type="stmt"/>
        <line num="15" count="5" type="stmt"/>
        <line num="16" count="5" type="stmt"/>
        <line num="18" count="5" type="stmt"/>
        <line num="38" count="0" type="stmt"/>
      </file>
      <file name="Shimmer.js" path="/home/sonia/SONIA/Akshay Saini/React/Nam_React_Prac/Ep-13_Exercise/src/components/Shimmer.js">
        <metrics statements="2" coveredstatements="2" conditionals="0" coveredconditionals="0" methods="2" coveredmethods="2"/>
        <line num="2" count="4" type="stmt"/>
        <line num="6" count="40" type="stmt"/>
      </file>
    </package>
    <package name="pages">
      <metrics statements="21" coveredstatements="14" conditionals="10" coveredconditionals="2" methods="10" coveredmethods="5"/>
      <file name="Login.js" path="/home/sonia/SONIA/Akshay Saini/React/Nam_React_Prac/Ep-13_Exercise/src/pages/Login.js">
        <metrics statements="7" coveredstatements="2" conditionals="8" coveredconditionals="0" methods="3" coveredmethods="0"/>
        <line num="5" count="2" type="stmt"/>
        <line num="12" count="2" type="stmt"/>
        <line num="13" count="0" type="stmt"/>
        <line num="14" count="0" type="stmt"/>
        <line num="25" count="0" type="stmt"/>
        <line num="26" count="0" type="stmt"/>
        <line num="30" count="0" type="stmt"/>
      </file>
      <file name="MenuPage.js" path="/home/sonia/SONIA/Akshay Saini/React/Nam_React_Prac/Ep-13_Exercise/src/pages/MenuPage.js">
        <metrics statements="14" coveredstatements="12" conditionals="2" coveredconditionals="2" methods="7" coveredmethods="5"/>
        <line num="11" count="4" type="stmt"/>
        <line num="12" count="3" type="stmt"/>
        <line num="13" count="4" type="stmt"/>
        <line num="15" count="3" type="cond" truecount="2" falsecount="0"/>
        <line num="18" count="2" type="stmt"/>
        <line num="19" count="2" type="stmt"/>
        <line num="21" count="2" type="stmt"/>
        <line num="22" count="1" type="stmt"/>
        <line num="24" count="2" type="stmt"/>
        <line num="25" count="0" type="stmt"/>
        <line num="27" count="2" type="stmt"/>
        <line num="41" count="36" type="stmt"/>
        <line num="43" count="1" type="stmt"/>
        <line num="44" count="0" type="stmt"/>
      </file>
    </package>
    <package name="utils">
      <metrics statements="46" coveredstatements="40" conditionals="4" coveredconditionals="0" methods="15" coveredmethods="10"/>
      <file name="UserContext.js" path="/home/sonia/SONIA/Akshay Saini/React/Nam_React_Prac/Ep-13_Exercise/src/utils/UserContext.js">
        <metrics statements="1" coveredstatements="1" conditionals="0" coveredconditionals="0" methods="0" coveredmethods="0"/>
        <line num="3" count="3" type="stmt"/>
      </file>
      <file name="cartSlice.js" path="/home/sonia/SONIA/Akshay Saini/React/Nam_React_Prac/Ep-13_Exercise/src/utils/cartSlice.js">
        <metrics statements="9" coveredstatements="3" conditionals="4" coveredconditionals="0" methods="4" coveredmethods="1"/>
        <line num="2" count="3" type="stmt"/>
        <line num="9" count="1" type="stmt"/>
        <line num="13" count="0" type="cond" truecount="0" falsecount="2"/>
        <line num="14" count="0" type="stmt"/>
        <line num="16" count="0" type="stmt"/>
        <line num="18" count="0" type="cond" truecount="0" falsecount="2"/>
        <line num="19" count="0" type="stmt"/>
        <line num="26" count="0" type="stmt"/>
        <line num="30" count="3" type="stmt"/>
      </file>
      <file name="constant.js" path="/home/sonia/SONIA/Akshay Saini/React/Nam_React_Prac/Ep-13_Exercise/src/utils/constant.js">
        <metrics statements="3" coveredstatements="3" conditionals="0" coveredconditionals="0" methods="0" coveredmethods="0"/>
        <line num="2" count="3" type="stmt"/>
        <line num="5" count="3" type="stmt"/>
        <line num="8" count="3" type="stmt"/>
      </file>
      <file name="data.js" path="/home/sonia/SONIA/Akshay Saini/React/Nam_React_Prac/Ep-13_Exercise/src/utils/data.js">
        <metrics statements="3" coveredstatements="3" conditionals="0" coveredconditionals="0" methods="0" coveredmethods="0"/>
        <line num="2" count="2" type="stmt"/>
        <line num="605" count="2" type="stmt"/>
        <line num="3244" count="2" type="stmt"/>
      </file>
      <file name="store.js" path="/home/sonia/SONIA/Akshay Saini/React/Nam_React_Prac/Ep-13_Exercise/src/utils/store.js">
        <metrics statements="1" coveredstatements="1" conditionals="0" coveredconditionals="0" methods="0" coveredmethods="0"/>
        <line num="3" count="3" type="stmt"/>
      </file>
      <file name="useOnline.js" path="/home/sonia/SONIA/Akshay Saini/React/Nam_React_Prac/Ep-13_Exercise/src/utils/useOnline.js">
        <metrics statements="11" coveredstatements="11" conditionals="0" coveredconditionals="0" methods="5" coveredmethods="3"/>
        <line num="3" count="3" type="stmt"/>
        <line num="4" count="12" type="stmt"/>
        <line num="5" count="12" type="stmt"/>
        <line num="6" count="7" type="stmt"/>
        <line num="7" count="7" type="stmt"/>
        <line num="9" count="7" type="stmt"/>
        <line num="10" count="7" type="stmt"/>
        <line num="12" count="7" type="stmt"/>
        <line num="13" count="7" type="stmt"/>
        <line num="14" count="7" type="stmt"/>
        <line num="20" count="12" type="stmt"/>
      </file>
      <file name="useRestList.js" path="/home/sonia/SONIA/Akshay Saini/React/Nam_React_Prac/Ep-13_Exercise/src/utils/useRestList.js">
        <metrics statements="10" coveredstatements="10" conditionals="0" coveredconditionals="0" methods="3" coveredmethods="3"/>
        <line num="4" count="7" type="stmt"/>
        <line num="5" count="7" type="stmt"/>
        <line num="6" count="7" type="stmt"/>
        <line num="7" count="3" type="stmt"/>
        <line num="8" count="3" type="stmt"/>
        <line num="12" count="3" type="stmt"/>
        <line num="13" count="3" type="stmt"/>
        <line num="14" count="3" type="stmt"/>
        <line num="15" count="3" type="stmt"/>
        <line num="17" count="7" type="stmt"/>
      </file>
      <file name="useRestMenu.js" path="/home/sonia/SONIA/Akshay Saini/React/Nam_React_Prac/Ep-13_Exercise/src/utils/useRestMenu.js">
        <metrics statements="8" coveredstatements="8" conditionals="0" coveredconditionals="0" methods="3" coveredmethods="3"/>
        <line num="6" count="1" type="stmt"/>
        <line num="7" count="3" type="stmt"/>
        <line num="8" count="3" type="stmt"/>
        <line num="9" count="1" type="stmt"/>
        <line num="13" count="1" type="stmt"/>
        <line num="14" count="1" type="stmt"/>
        <line num="15" count="1" type="stmt"/>
        <line num="17" count="3" type="stmt"/>
      </file>
    </package>
  </project>
</coverage>
