{"/home/sonia/SONIA/Akshay Saini/React/Nam_React_Prac/Ep-13_Exercise/src/components/Body.js": {"path":"/home/sonia/SONIA/Akshay Saini/React/Nam_React_Prac/Ep-13_Exercise/src/components/Body.js","statementMap":{"0":{"start":{"line":10,"column":13},"end":{"line":97,"column":1}},"1":{"start":{"line":11,"column":23},"end":{"line":11,"column":46}},"2":{"start":{"line":12,"column":26},"end":{"line":12,"column":38}},"3":{"start":{"line":14,"column":4},"end":{"line":14,"column":29}},"4":{"start":{"line":15,"column":2},"end":{"line":15,"column":24}},"5":{"start":{"line":16,"column":2},"end":{"line":16,"column":32}},"6":{"start":{"line":16,"column":20},"end":{"line":16,"column":32}},"7":{"start":{"line":17,"column":17},"end":{"line":17,"column":28}},"8":{"start":{"line":18,"column":1},"end":{"line":18,"column":70}},"9":{"start":{"line":18,"column":15},"end":{"line":18,"column":69}},"10":{"start":{"line":20,"column":21},"end":{"line":24,"column":3}},"11":{"start":{"line":21,"column":4},"end":{"line":23,"column":6}},"12":{"start":{"line":22,"column":6},"end":{"line":22,"column":65}},"13":{"start":{"line":25,"column":2},"end":{"line":96,"column":4}},"14":{"start":{"line":39,"column":29},"end":{"line":39,"column":52}},"15":{"start":{"line":47,"column":31},"end":{"line":47,"column":62}},"16":{"start":{"line":48,"column":14},"end":{"line":48,"column":44}},"17":{"start":{"line":55,"column":60},"end":{"line":55,"column":98}},"18":{"start":{"line":60,"column":26},"end":{"line":62,"column":13}},"19":{"start":{"line":61,"column":24},"end":{"line":61,"column":50}},"20":{"start":{"line":63,"column":12},"end":{"line":63,"column":39}},"21":{"start":{"line":72,"column":30},"end":{"line":74,"column":13}},"22":{"start":{"line":73,"column":24},"end":{"line":73,"column":53}},"23":{"start":{"line":75,"column":12},"end":{"line":75,"column":43}},"24":{"start":{"line":88,"column":14},"end":{"line":90,"column":21}}},"fnMap":{"0":{"name":"(anonymous_0)","decl":{"start":{"line":10,"column":13},"end":{"line":10,"column":14}},"loc":{"start":{"line":10,"column":19},"end":{"line":97,"column":1}},"line":10},"1":{"name":"(anonymous_1)","decl":{"start":{"line":20,"column":21},"end":{"line":20,"column":22}},"loc":{"start":{"line":20,"column":44},"end":{"line":24,"column":3}},"line":20},"2":{"name":"(anonymous_2)","decl":{"start":{"line":21,"column":30},"end":{"line":21,"column":31}},"loc":{"start":{"line":22,"column":6},"end":{"line":22,"column":65}},"line":22},"3":{"name":"(anonymous_3)","decl":{"start":{"line":39,"column":22},"end":{"line":39,"column":23}},"loc":{"start":{"line":39,"column":29},"end":{"line":39,"column":52}},"line":39},"4":{"name":"(anonymous_4)","decl":{"start":{"line":46,"column":21},"end":{"line":46,"column":22}},"loc":{"start":{"line":46,"column":27},"end":{"line":49,"column":13}},"line":46},"5":{"name":"(anonymous_5)","decl":{"start":{"line":55,"column":55},"end":{"line":55,"column":56}},"loc":{"start":{"line":55,"column":60},"end":{"line":55,"column":98}},"line":55},"6":{"name":"(anonymous_6)","decl":{"start":{"line":59,"column":19},"end":{"line":59,"column":20}},"loc":{"start":{"line":59,"column":25},"end":{"line":64,"column":11}},"line":59},"7":{"name":"(anonymous_7)","decl":{"start":{"line":61,"column":14},"end":{"line":61,"column":15}},"loc":{"start":{"line":61,"column":24},"end":{"line":61,"column":50}},"line":61},"8":{"name":"(anonymous_8)","decl":{"start":{"line":71,"column":19},"end":{"line":71,"column":20}},"loc":{"start":{"line":71,"column":25},"end":{"line":76,"column":11}},"line":71},"9":{"name":"(anonymous_9)","decl":{"start":{"line":73,"column":14},"end":{"line":73,"column":15}},"loc":{"start":{"line":73,"column":24},"end":{"line":73,"column":53}},"line":73},"10":{"name":"(anonymous_10)","decl":{"start":{"line":87,"column":31},"end":{"line":87,"column":32}},"loc":{"start":{"line":88,"column":14},"end":{"line":90,"column":21}},"line":88}},"branchMap":{"0":{"loc":{"start":{"line":16,"column":2},"end":{"line":16,"column":32}},"type":"if","locations":[{"start":{"line":16,"column":2},"end":{"line":16,"column":32}},{"start":{},"end":{}}],"line":16},"1":{"loc":{"start":{"line":18,"column":1},"end":{"line":18,"column":70}},"type":"if","locations":[{"start":{"line":18,"column":1},"end":{"line":18,"column":70}},{"start":{},"end":{}}],"line":18},"2":{"loc":{"start":{"line":25,"column":9},"end":{"line":96,"column":3}},"type":"cond-expr","locations":[{"start":{"line":26,"column":4},"end":{"line":26,"column":15}},{"start":{"line":28,"column":4},"end":{"line":95,"column":10}}],"line":25},"3":{"loc":{"start":{"line":84,"column":11},"end":{"line":92,"column":11}},"type":"cond-expr","locations":[{"start":{"line":85,"column":12},"end":{"line":85,"column":43}},{"start":{"line":87,"column":12},"end":{"line":91,"column":14}}],"line":84}},"s":{"0":1,"1":8,"2":7,"3":7,"4":7,"5":7,"6":0,"7":7,"8":7,"9":0,"10":7,"11":1,"12":15,"13":7,"14":1,"15":1,"16":1,"17":0,"18":0,"19":0,"20":0,"21":0,"22":0,"23":0,"24":46},"f":{"0":8,"1":1,"2":15,"3":1,"4":1,"5":0,"6":0,"7":0,"8":0,"9":0,"10":46},"b":{"0":[0,7],"1":[0,7],"2":[3,4],"3":[0,4]},"_coverageSchema":"1a1c01bbd47fc00a2c39e90264f33305004495a9","hash":"a61c7879928d70efc834cdeb8c507b268ebf706d"}
,"/home/sonia/SONIA/Akshay Saini/React/Nam_React_Prac/Ep-13_Exercise/src/components/Card.js": {"path":"/home/sonia/SONIA/Akshay Saini/React/Nam_React_Prac/Ep-13_Exercise/src/components/Card.js","statementMap":{"0":{"start":{"line":3,"column":11},"end":{"line":23,"column":1}},"1":{"start":{"line":4,"column":17},"end":{"line":4,"column":22}},"2":{"start":{"line":5,"column":78},"end":{"line":5,"column":87}},"3":{"start":{"line":6,"column":4},"end":{"line":22,"column":5}}},"fnMap":{"0":{"name":"(anonymous_0)","decl":{"start":{"line":3,"column":11},"end":{"line":3,"column":12}},"loc":{"start":{"line":3,"column":20},"end":{"line":23,"column":1}},"line":3}},"branchMap":{"0":{"loc":{"start":{"line":17,"column":36},"end":{"line":17,"column":59}},"type":"cond-expr","locations":[{"start":{"line":17,"column":46},"end":{"line":17,"column":55}},{"start":{"line":17,"column":56},"end":{"line":17,"column":59}}],"line":17},"1":{"loc":{"start":{"line":18,"column":35},"end":{"line":18,"column":60}},"type":"cond-expr","locations":[{"start":{"line":18,"column":46},"end":{"line":18,"column":56}},{"start":{"line":18,"column":57},"end":{"line":18,"column":60}}],"line":18},"2":{"loc":{"start":{"line":19,"column":34},"end":{"line":19,"column":62}},"type":"cond-expr","locations":[{"start":{"line":19,"column":47},"end":{"line":19,"column":59}},{"start":{"line":19,"column":60},"end":{"line":19,"column":62}}],"line":19}},"s":{"0":1,"1":46,"2":46,"3":46},"f":{"0":46},"b":{"0":[46,0],"1":[46,0],"2":[46,0]},"_coverageSchema":"1a1c01bbd47fc00a2c39e90264f33305004495a9","hash":"6b3b5f4b762bacafe088ee54671533dc0d734362"}
,"/home/sonia/SONIA/Akshay Saini/React/Nam_React_Prac/Ep-13_Exercise/src/components/Header.js": {"path":"/home/sonia/SONIA/Akshay Saini/React/Nam_React_Prac/Ep-13_Exercise/src/components/Header.js","statementMap":{"0":{"start":{"line":10,"column":13},"end":{"line":42,"column":1}},"1":{"start":{"line":11,"column":20},"end":{"line":11,"column":56}},"2":{"start":{"line":11,"column":39},"end":{"line":11,"column":55}},"3":{"start":{"line":13,"column":12},"end":{"line":13,"column":25}},"4":{"start":{"line":14,"column":33},"end":{"line":14,"column":48}},"5":{"start":{"line":15,"column":19},"end":{"line":15,"column":30}},"6":{"start":{"line":16,"column":25},"end":{"line":16,"column":48}},"7":{"start":{"line":18,"column":4},"end":{"line":41,"column":5}},"8":{"start":{"line":38,"column":50},"end":{"line":38,"column":63}}},"fnMap":{"0":{"name":"(anonymous_0)","decl":{"start":{"line":10,"column":13},"end":{"line":10,"column":14}},"loc":{"start":{"line":10,"column":17},"end":{"line":42,"column":1}},"line":10},"1":{"name":"(anonymous_1)","decl":{"start":{"line":11,"column":32},"end":{"line":11,"column":33}},"loc":{"start":{"line":11,"column":39},"end":{"line":11,"column":55}},"line":11},"2":{"name":"(anonymous_2)","decl":{"start":{"line":38,"column":46},"end":{"line":38,"column":47}},"loc":{"start":{"line":38,"column":50},"end":{"line":38,"column":63}},"line":38}},"branchMap":{"0":{"loc":{"start":{"line":35,"column":38},"end":{"line":35,"column":59}},"type":"cond-expr","locations":[{"start":{"line":35,"column":49},"end":{"line":35,"column":53}},{"start":{"line":35,"column":55},"end":{"line":35,"column":59}}],"line":35},"1":{"loc":{"start":{"line":37,"column":13},"end":{"line":38,"column":79}},"type":"cond-expr","locations":[{"start":{"line":37,"column":22},"end":{"line":37,"column":70}},{"start":{"line":38,"column":12},"end":{"line":38,"column":79}}],"line":37}},"s":{"0":2,"1":5,"2":6,"3":5,"4":5,"5":5,"6":5,"7":5,"8":0},"f":{"0":5,"1":6,"2":0},"b":{"0":[0,5],"1":[0,5]},"_coverageSchema":"1a1c01bbd47fc00a2c39e90264f33305004495a9","hash":"61f276c2896192243465101fd44960f5e46406fc"}
,"/home/sonia/SONIA/Akshay Saini/React/Nam_React_Prac/Ep-13_Exercise/src/components/Shimmer.js": {"path":"/home/sonia/SONIA/Akshay Saini/React/Nam_React_Prac/Ep-13_Exercise/src/components/Shimmer.js","statementMap":{"0":{"start":{"line":2,"column":2},"end":{"line":8,"column":9}},"1":{"start":{"line":6,"column":20},"end":{"line":6,"column":94}}},"fnMap":{"0":{"name":"Shimmer","decl":{"start":{"line":1,"column":9},"end":{"line":1,"column":16}},"loc":{"start":{"line":1,"column":19},"end":{"line":9,"column":1}},"line":1},"1":{"name":"(anonymous_1)","decl":{"start":{"line":6,"column":8},"end":{"line":6,"column":9}},"loc":{"start":{"line":6,"column":20},"end":{"line":6,"column":94}},"line":6}},"branchMap":{},"s":{"0":4,"1":40},"f":{"0":4,"1":40},"b":{},"_coverageSchema":"1a1c01bbd47fc00a2c39e90264f33305004495a9","hash":"d7ebb12dcb765a439ecf0d9d555486bdd4b516b4"}
,"/home/sonia/SONIA/Akshay Saini/React/Nam_React_Prac/Ep-13_Exercise/src/pages/Login.js": {"path":"/home/sonia/SONIA/Akshay Saini/React/Nam_React_Prac/Ep-13_Exercise/src/pages/Login.js","statementMap":{"0":{"start":{"line":5,"column":20},"end":{"line":11,"column":2}},"1":{"start":{"line":12,"column":14},"end":{"line":51,"column":1}},"2":{"start":{"line":13,"column":12},"end":{"line":13,"column":25}},"3":{"start":{"line":14,"column":2},"end":{"line":50,"column":4}},"4":{"start":{"line":25,"column":12},"end":{"line":25,"column":32}},"5":{"start":{"line":26,"column":12},"end":{"line":26,"column":21}},"6":{"start":{"line":30,"column":12},"end":{"line":45,"column":19}}},"fnMap":{"0":{"name":"(anonymous_0)","decl":{"start":{"line":12,"column":14},"end":{"line":12,"column":15}},"loc":{"start":{"line":12,"column":20},"end":{"line":51,"column":1}},"line":12},"1":{"name":"(anonymous_1)","decl":{"start":{"line":24,"column":20},"end":{"line":24,"column":21}},"loc":{"start":{"line":24,"column":32},"end":{"line":27,"column":11}},"line":24},"2":{"name":"(anonymous_2)","decl":{"start":{"line":29,"column":11},"end":{"line":29,"column":12}},"loc":{"start":{"line":30,"column":12},"end":{"line":45,"column":19}},"line":30}},"branchMap":{"0":{"loc":{"start":{"line":33,"column":15},"end":{"line":33,"column":83}},"type":"cond-expr","locations":[{"start":{"line":33,"column":47},"end":{"line":33,"column":76}},{"start":{"line":33,"column":79},"end":{"line":33,"column":83}}],"line":33},"1":{"loc":{"start":{"line":33,"column":15},"end":{"line":33,"column":44}},"type":"binary-expr","locations":[{"start":{"line":33,"column":15},"end":{"line":33,"column":27}},{"start":{"line":33,"column":31},"end":{"line":33,"column":44}}],"line":33},"2":{"loc":{"start":{"line":37,"column":15},"end":{"line":39,"column":22}},"type":"cond-expr","locations":[{"start":{"line":38,"column":16},"end":{"line":38,"column":48}},{"start":{"line":39,"column":18},"end":{"line":39,"column":22}}],"line":37},"3":{"loc":{"start":{"line":37,"column":15},"end":{"line":37,"column":50}},"type":"binary-expr","locations":[{"start":{"line":37,"column":15},"end":{"line":37,"column":30}},{"start":{"line":37,"column":34},"end":{"line":37,"column":50}}],"line":37}},"s":{"0":2,"1":2,"2":0,"3":0,"4":0,"5":0,"6":0},"f":{"0":0,"1":0,"2":0},"b":{"0":[0,0],"1":[0,0],"2":[0,0],"3":[0,0]},"_coverageSchema":"1a1c01bbd47fc00a2c39e90264f33305004495a9","hash":"a73b57de006e1d79be55f2092aa1f8de82fa5363"}
,"/home/sonia/SONIA/Akshay Saini/React/Nam_React_Prac/Ep-13_Exercise/src/pages/MenuPage.js": {"path":"/home/sonia/SONIA/Akshay Saini/React/Nam_React_Prac/Ep-13_Exercise/src/pages/MenuPage.js","statementMap":{"0":{"start":{"line":11,"column":13},"end":{"line":11,"column":24}},"1":{"start":{"line":12,"column":13},"end":{"line":12,"column":28}},"2":{"start":{"line":13,"column":18},"end":{"line":13,"column":54}},"3":{"start":{"line":13,"column":37},"end":{"line":13,"column":53}},"4":{"start":{"line":15,"column":2},"end":{"line":15,"column":31}},"5":{"start":{"line":15,"column":13},"end":{"line":15,"column":31}},"6":{"start":{"line":18,"column":2},"end":{"line":18,"column":99}},"7":{"start":{"line":19,"column":17},"end":{"line":19,"column":30}},"8":{"start":{"line":21,"column":20},"end":{"line":23,"column":3}},"9":{"start":{"line":22,"column":4},"end":{"line":22,"column":27}},"10":{"start":{"line":24,"column":20},"end":{"line":26,"column":3}},"11":{"start":{"line":25,"column":4},"end":{"line":25,"column":37}},"12":{"start":{"line":27,"column":2},"end":{"line":50,"column":3}},"13":{"start":{"line":41,"column":108},"end":{"line":45,"column":15}},"14":{"start":{"line":43,"column":85},"end":{"line":43,"column":112}},"15":{"start":{"line":44,"column":64},"end":{"line":44,"column":105}}},"fnMap":{"0":{"name":"MenuPage","decl":{"start":{"line":10,"column":9},"end":{"line":10,"column":17}},"loc":{"start":{"line":10,"column":20},"end":{"line":51,"column":1}},"line":10},"1":{"name":"(anonymous_1)","decl":{"start":{"line":13,"column":30},"end":{"line":13,"column":31}},"loc":{"start":{"line":13,"column":37},"end":{"line":13,"column":53}},"line":13},"2":{"name":"(anonymous_2)","decl":{"start":{"line":21,"column":20},"end":{"line":21,"column":21}},"loc":{"start":{"line":21,"column":28},"end":{"line":23,"column":3}},"line":21},"3":{"name":"(anonymous_3)","decl":{"start":{"line":24,"column":20},"end":{"line":24,"column":21}},"loc":{"start":{"line":24,"column":36},"end":{"line":26,"column":3}},"line":24},"4":{"name":"(anonymous_4)","decl":{"start":{"line":41,"column":101},"end":{"line":41,"column":102}},"loc":{"start":{"line":41,"column":108},"end":{"line":45,"column":15}},"line":41},"5":{"name":"(anonymous_5)","decl":{"start":{"line":43,"column":81},"end":{"line":43,"column":82}},"loc":{"start":{"line":43,"column":85},"end":{"line":43,"column":112}},"line":43},"6":{"name":"(anonymous_6)","decl":{"start":{"line":44,"column":60},"end":{"line":44,"column":61}},"loc":{"start":{"line":44,"column":64},"end":{"line":44,"column":105}},"line":44}},"branchMap":{"0":{"loc":{"start":{"line":15,"column":2},"end":{"line":15,"column":31}},"type":"if","locations":[{"start":{"line":15,"column":2},"end":{"line":15,"column":31}},{"start":{},"end":{}}],"line":15}},"s":{"0":4,"1":3,"2":3,"3":4,"4":3,"5":1,"6":2,"7":2,"8":2,"9":1,"10":2,"11":0,"12":2,"13":36,"14":1,"15":0},"f":{"0":4,"1":4,"2":1,"3":0,"4":36,"5":1,"6":0},"b":{"0":[1,2]},"_coverageSchema":"1a1c01bbd47fc00a2c39e90264f33305004495a9","hash":"7d18e7450f5f6c229b54289bc4afb702ffff19cc"}
,"/home/sonia/SONIA/Akshay Saini/React/Nam_React_Prac/Ep-13_Exercise/src/utils/UserContext.js": {"path":"/home/sonia/SONIA/Akshay Saini/React/Nam_React_Prac/Ep-13_Exercise/src/utils/UserContext.js","statementMap":{"0":{"start":{"line":3,"column":18},"end":{"line":11,"column":2}}},"fnMap":{},"branchMap":{},"s":{"0":3},"f":{},"b":{},"_coverageSchema":"1a1c01bbd47fc00a2c39e90264f33305004495a9","hash":"95f4c572def968c5f05d4a8558b4f0442aae83ac"}
,"/home/sonia/SONIA/Akshay Saini/React/Nam_React_Prac/Ep-13_Exercise/src/utils/cartSlice.js": {"path":"/home/sonia/SONIA/Akshay Saini/React/Nam_React_Prac/Ep-13_Exercise/src/utils/cartSlice.js","statementMap":{"0":{"start":{"line":2,"column":16},"end":{"line":29,"column":2}},"1":{"start":{"line":9,"column":6},"end":{"line":9,"column":39}},"2":{"start":{"line":13,"column":6},"end":{"line":15,"column":7}},"3":{"start":{"line":14,"column":8},"end":{"line":14,"column":15}},"4":{"start":{"line":16,"column":7},"end":{"line":23,"column":7}},"5":{"start":{"line":18,"column":10},"end":{"line":20,"column":11}},"6":{"start":{"line":19,"column":12},"end":{"line":19,"column":47}},"7":{"start":{"line":26,"column":6},"end":{"line":26,"column":21}},"8":{"start":{"line":30,"column":41},"end":{"line":30,"column":58}}},"fnMap":{"0":{"name":"(anonymous_0)","decl":{"start":{"line":8,"column":12},"end":{"line":8,"column":13}},"loc":{"start":{"line":8,"column":28},"end":{"line":10,"column":5}},"line":8},"1":{"name":"(anonymous_1)","decl":{"start":{"line":11,"column":12},"end":{"line":11,"column":13}},"loc":{"start":{"line":11,"column":28},"end":{"line":24,"column":5}},"line":11},"2":{"name":"(anonymous_2)","decl":{"start":{"line":16,"column":36},"end":{"line":16,"column":37}},"loc":{"start":{"line":17,"column":8},"end":{"line":22,"column":9}},"line":17},"3":{"name":"(anonymous_3)","decl":{"start":{"line":25,"column":14},"end":{"line":25,"column":15}},"loc":{"start":{"line":25,"column":23},"end":{"line":27,"column":5}},"line":25}},"branchMap":{"0":{"loc":{"start":{"line":13,"column":6},"end":{"line":15,"column":7}},"type":"if","locations":[{"start":{"line":13,"column":6},"end":{"line":15,"column":7}},{"start":{},"end":{}}],"line":13},"1":{"loc":{"start":{"line":18,"column":10},"end":{"line":20,"column":11}},"type":"if","locations":[{"start":{"line":18,"column":10},"end":{"line":20,"column":11}},{"start":{},"end":{}}],"line":18}},"s":{"0":3,"1":1,"2":0,"3":0,"4":0,"5":0,"6":0,"7":0,"8":3},"f":{"0":1,"1":0,"2":0,"3":0},"b":{"0":[0,0],"1":[0,0]},"_coverageSchema":"1a1c01bbd47fc00a2c39e90264f33305004495a9","hash":"15b7bfee30ea2d8051595090a789300da0285952"}
,"/home/sonia/SONIA/Akshay Saini/React/Nam_React_Prac/Ep-13_Exercise/src/utils/constant.js": {"path":"/home/sonia/SONIA/Akshay Saini/React/Nam_React_Prac/Ep-13_Exercise/src/utils/constant.js","statementMap":{"0":{"start":{"line":2,"column":0},"end":{"line":2,"column":91}},"1":{"start":{"line":5,"column":0},"end":{"line":5,"column":88}},"2":{"start":{"line":8,"column":0},"end":{"line":8,"column":130}}},"fnMap":{},"branchMap":{},"s":{"0":3,"1":3,"2":3},"f":{},"b":{},"_coverageSchema":"1a1c01bbd47fc00a2c39e90264f33305004495a9","hash":"4168962b054cc0733942c8e60063404399832955"}
,"/home/sonia/SONIA/Akshay Saini/React/Nam_React_Prac/Ep-13_Exercise/src/utils/data.js": {"path":"/home/sonia/SONIA/Akshay Saini/React/Nam_React_Prac/Ep-13_Exercise/src/utils/data.js","statementMap":{"0":{"start":{"line":2,"column":26},"end":{"line":604,"column":1}},"1":{"start":{"line":605,"column":23},"end":{"line":3242,"column":1}},"2":{"start":{"line":3244,"column":23},"end":{"line":14300,"column":1}}},"fnMap":{},"branchMap":{},"s":{"0":2,"1":2,"2":2},"f":{},"b":{},"_coverageSchema":"1a1c01bbd47fc00a2c39e90264f33305004495a9","hash":"0b25f7631dda1b92c40f70657adf520fc1bd67e8"}
,"/home/sonia/SONIA/Akshay Saini/React/Nam_React_Prac/Ep-13_Exercise/src/utils/store.js": {"path":"/home/sonia/SONIA/Akshay Saini/React/Nam_React_Prac/Ep-13_Exercise/src/utils/store.js","statementMap":{"0":{"start":{"line":3,"column":12},"end":{"line":7,"column":2}}},"fnMap":{},"branchMap":{},"s":{"0":3},"f":{},"b":{},"_coverageSchema":"1a1c01bbd47fc00a2c39e90264f33305004495a9","hash":"60f275a807beb4d12c2110f42a407d4c0eb6217f"}
,"/home/sonia/SONIA/Akshay Saini/React/Nam_React_Prac/Ep-13_Exercise/src/utils/useOnline.js": {"path":"/home/sonia/SONIA/Akshay Saini/React/Nam_React_Prac/Ep-13_Exercise/src/utils/useOnline.js","statementMap":{"0":{"start":{"line":3,"column":16},"end":{"line":21,"column":1}},"1":{"start":{"line":4,"column":33},"end":{"line":4,"column":47}},"2":{"start":{"line":5,"column":4},"end":{"line":18,"column":9}},"3":{"start":{"line":6,"column":17},"end":{"line":6,"column":38}},"4":{"start":{"line":6,"column":21},"end":{"line":6,"column":38}},"5":{"start":{"line":7,"column":18},"end":{"line":7,"column":40}},"6":{"start":{"line":7,"column":22},"end":{"line":7,"column":40}},"7":{"start":{"line":9,"column":4},"end":{"line":9,"column":47}},"8":{"start":{"line":10,"column":4},"end":{"line":10,"column":49}},"9":{"start":{"line":12,"column":4},"end":{"line":16,"column":5}},"10":{"start":{"line":13,"column":8},"end":{"line":13,"column":54}},"11":{"start":{"line":14,"column":8},"end":{"line":14,"column":56}},"12":{"start":{"line":20,"column":4},"end":{"line":20,"column":20}}},"fnMap":{"0":{"name":"(anonymous_0)","decl":{"start":{"line":3,"column":16},"end":{"line":3,"column":17}},"loc":{"start":{"line":3,"column":20},"end":{"line":21,"column":1}},"line":3},"1":{"name":"(anonymous_1)","decl":{"start":{"line":5,"column":14},"end":{"line":5,"column":15}},"loc":{"start":{"line":5,"column":18},"end":{"line":18,"column":5}},"line":5},"2":{"name":"(anonymous_2)","decl":{"start":{"line":6,"column":17},"end":{"line":6,"column":18}},"loc":{"start":{"line":6,"column":21},"end":{"line":6,"column":38}},"line":6},"3":{"name":"(anonymous_3)","decl":{"start":{"line":7,"column":18},"end":{"line":7,"column":19}},"loc":{"start":{"line":7,"column":22},"end":{"line":7,"column":40}},"line":7},"4":{"name":"(anonymous_4)","decl":{"start":{"line":12,"column":11},"end":{"line":12,"column":12}},"loc":{"start":{"line":12,"column":15},"end":{"line":16,"column":5}},"line":12}},"branchMap":{},"s":{"0":3,"1":12,"2":12,"3":7,"4":0,"5":7,"6":0,"7":7,"8":7,"9":7,"10":7,"11":7,"12":12},"f":{"0":12,"1":7,"2":0,"3":0,"4":7},"b":{},"_coverageSchema":"1a1c01bbd47fc00a2c39e90264f33305004495a9","hash":"8b53807cc3262a0019b90c6c139a56077e3759a4"}
,"/home/sonia/SONIA/Akshay Saini/React/Nam_React_Prac/Ep-13_Exercise/src/utils/useRestList.js": {"path":"/home/sonia/SONIA/Akshay Saini/React/Nam_React_Prac/Ep-13_Exercise/src/utils/useRestList.js","statementMap":{"0":{"start":{"line":4,"column":48},"end":{"line":4,"column":70}},"1":{"start":{"line":5,"column":42},"end":{"line":5,"column":54}},"2":{"start":{"line":6,"column":4},"end":{"line":9,"column":15}},"3":{"start":{"line":7,"column":8},"end":{"line":7,"column":29}},"4":{"start":{"line":8,"column":8},"end":{"line":8,"column":18}},"5":{"start":{"line":12,"column":23},"end":{"line":12,"column":144}},"6":{"start":{"line":13,"column":23},"end":{"line":13,"column":40}},"7":{"start":{"line":14,"column":12},"end":{"line":14,"column":70}},"8":{"start":{"line":15,"column":12},"end":{"line":15,"column":67}},"9":{"start":{"line":17,"column":4},"end":{"line":17,"column":72}}},"fnMap":{"0":{"name":"useRestList","decl":{"start":{"line":3,"column":9},"end":{"line":3,"column":20}},"loc":{"start":{"line":3,"column":35},"end":{"line":18,"column":1}},"line":3},"1":{"name":"(anonymous_1)","decl":{"start":{"line":6,"column":14},"end":{"line":6,"column":15}},"loc":{"start":{"line":6,"column":18},"end":{"line":9,"column":11}},"line":6},"2":{"name":"getRest","decl":{"start":{"line":11,"column":25},"end":{"line":11,"column":32}},"loc":{"start":{"line":11,"column":34},"end":{"line":16,"column":11}},"line":11}},"branchMap":{},"s":{"0":7,"1":7,"2":7,"3":3,"4":3,"5":3,"6":3,"7":3,"8":3,"9":7},"f":{"0":7,"1":3,"2":3},"b":{},"_coverageSchema":"1a1c01bbd47fc00a2c39e90264f33305004495a9","hash":"eb33447d612cb9a8b5d5c9c948473aefee3b97f2"}
,"/home/sonia/SONIA/Akshay Saini/React/Nam_React_Prac/Ep-13_Exercise/src/utils/useRestMenu.js": {"path":"/home/sonia/SONIA/Akshay Saini/React/Nam_React_Prac/Ep-13_Exercise/src/utils/useRestMenu.js","statementMap":{"0":{"start":{"line":6,"column":18},"end":{"line":18,"column":1}},"1":{"start":{"line":7,"column":25},"end":{"line":7,"column":39}},"2":{"start":{"line":8,"column":4},"end":{"line":10,"column":12}},"3":{"start":{"line":9,"column":8},"end":{"line":9,"column":19}},"4":{"start":{"line":13,"column":20},"end":{"line":13,"column":51}},"5":{"start":{"line":14,"column":19},"end":{"line":14,"column":36}},"6":{"start":{"line":15,"column":8},"end":{"line":15,"column":27}},"7":{"start":{"line":17,"column":4},"end":{"line":17,"column":16}}},"fnMap":{"0":{"name":"(anonymous_0)","decl":{"start":{"line":6,"column":18},"end":{"line":6,"column":19}},"loc":{"start":{"line":6,"column":24},"end":{"line":18,"column":1}},"line":6},"1":{"name":"(anonymous_1)","decl":{"start":{"line":8,"column":14},"end":{"line":8,"column":15}},"loc":{"start":{"line":8,"column":18},"end":{"line":10,"column":7}},"line":8},"2":{"name":"menuList","decl":{"start":{"line":12,"column":19},"end":{"line":12,"column":27}},"loc":{"start":{"line":12,"column":29},"end":{"line":16,"column":5}},"line":12}},"branchMap":{},"s":{"0":1,"1":3,"2":3,"3":1,"4":1,"5":1,"6":1,"7":3},"f":{"0":3,"1":1,"2":1},"b":{},"_coverageSchema":"1a1c01bbd47fc00a2c39e90264f33305004495a9","hash":"0c3dfb1104bc731be2a61285b14f615bed1a8f43"}
}
