TN:
SF:src/components/Body.js
FN:10,(anonymous_0)
FN:20,(anonymous_1)
FN:21,(anonymous_2)
FN:39,(anonymous_3)
FN:46,(anonymous_4)
FN:55,(anonymous_5)
FN:59,(anonymous_6)
FN:61,(anonymous_7)
FN:71,(anonymous_8)
FN:73,(anonymous_9)
FN:87,(anonymous_10)
FNF:11
FNH:6
FNDA:8,(anonymous_0)
FNDA:1,(anonymous_1)
FNDA:15,(anonymous_2)
FNDA:1,(anonymous_3)
FNDA:1,(anonymous_4)
FNDA:0,(anonymous_5)
FNDA:0,(anonymous_6)
FNDA:0,(anonymous_7)
FNDA:0,(anonymous_8)
FNDA:0,(anonymous_9)
FNDA:46,(anonymous_10)
DA:10,1
DA:11,8
DA:12,7
DA:14,7
DA:15,7
DA:16,7
DA:17,7
DA:18,7
DA:20,7
DA:21,1
DA:22,15
DA:25,7
DA:39,1
DA:47,1
DA:48,1
DA:55,0
DA:60,0
DA:61,0
DA:63,0
DA:72,0
DA:73,0
DA:75,0
DA:88,46
LF:23
LH:16
BRDA:16,0,0,0
BRDA:16,0,1,7
BRDA:18,1,0,0
BRDA:18,1,1,7
BRDA:25,2,0,3
BRDA:25,2,1,4
BRDA:84,3,0,0
BRDA:84,3,1,4
BRF:8
BRH:5
end_of_record
TN:
SF:src/components/Card.js
FN:3,(anonymous_0)
FNF:1
FNH:1
FNDA:46,(anonymous_0)
DA:3,1
DA:4,46
DA:5,46
DA:6,46
LF:4
LH:4
BRDA:17,0,0,46
BRDA:17,0,1,0
BRDA:18,1,0,46
BRDA:18,1,1,0
BRDA:19,2,0,46
BRDA:19,2,1,0
BRF:6
BRH:3
end_of_record
TN:
SF:src/components/Header.js
FN:10,(anonymous_0)
FN:11,(anonymous_1)
FN:38,(anonymous_2)
FNF:3
FNH:2
FNDA:5,(anonymous_0)
FNDA:6,(anonymous_1)
FNDA:0,(anonymous_2)
DA:10,2
DA:11,6
DA:13,5
DA:14,5
DA:15,5
DA:16,5
DA:18,5
DA:38,0
LF:8
LH:7
BRDA:35,0,0,0
BRDA:35,0,1,5
BRDA:37,1,0,0
BRDA:37,1,1,5
BRF:4
BRH:2
end_of_record
TN:
SF:src/components/Shimmer.js
FN:1,Shimmer
FN:6,(anonymous_1)
FNF:2
FNH:2
FNDA:4,Shimmer
FNDA:40,(anonymous_1)
DA:2,4
DA:6,40
LF:2
LH:2
BRF:0
BRH:0
end_of_record
TN:
SF:src/pages/Login.js
FN:12,(anonymous_0)
FN:24,(anonymous_1)
FN:29,(anonymous_2)
FNF:3
FNH:0
FNDA:0,(anonymous_0)
FNDA:0,(anonymous_1)
FNDA:0,(anonymous_2)
DA:5,2
DA:12,2
DA:13,0
DA:14,0
DA:25,0
DA:26,0
DA:30,0
LF:7
LH:2
BRDA:33,0,0,0
BRDA:33,0,1,0
BRDA:33,1,0,0
BRDA:33,1,1,0
BRDA:37,2,0,0
BRDA:37,2,1,0
BRDA:37,3,0,0
BRDA:37,3,1,0
BRF:8
BRH:0
end_of_record
TN:
SF:src/pages/MenuPage.js
FN:10,MenuPage
FN:13,(anonymous_1)
FN:21,(anonymous_2)
FN:24,(anonymous_3)
FN:41,(anonymous_4)
FN:43,(anonymous_5)
FN:44,(anonymous_6)
FNF:7
FNH:5
FNDA:4,MenuPage
FNDA:4,(anonymous_1)
FNDA:1,(anonymous_2)
FNDA:0,(anonymous_3)
FNDA:36,(anonymous_4)
FNDA:1,(anonymous_5)
FNDA:0,(anonymous_6)
DA:11,4
DA:12,3
DA:13,4
DA:15,3
DA:18,2
DA:19,2
DA:21,2
DA:22,1
DA:24,2
DA:25,0
DA:27,2
DA:41,36
DA:43,1
DA:44,0
LF:14
LH:12
BRDA:15,0,0,1
BRDA:15,0,1,2
BRF:2
BRH:2
end_of_record
TN:
SF:src/utils/UserContext.js
FNF:0
FNH:0
DA:3,3
LF:1
LH:1
BRF:0
BRH:0
end_of_record
TN:
SF:src/utils/cartSlice.js
FN:8,(anonymous_0)
FN:11,(anonymous_1)
FN:16,(anonymous_2)
FN:25,(anonymous_3)
FNF:4
FNH:1
FNDA:1,(anonymous_0)
FNDA:0,(anonymous_1)
FNDA:0,(anonymous_2)
FNDA:0,(anonymous_3)
DA:2,3
DA:9,1
DA:13,0
DA:14,0
DA:16,0
DA:18,0
DA:19,0
DA:26,0
DA:30,3
LF:9
LH:3
BRDA:13,0,0,0
BRDA:13,0,1,0
BRDA:18,1,0,0
BRDA:18,1,1,0
BRF:4
BRH:0
end_of_record
TN:
SF:src/utils/constant.js
FNF:0
FNH:0
DA:2,3
DA:5,3
DA:8,3
LF:3
LH:3
BRF:0
BRH:0
end_of_record
TN:
SF:src/utils/data.js
FNF:0
FNH:0
DA:2,2
DA:605,2
DA:3244,2
LF:3
LH:3
BRF:0
BRH:0
end_of_record
TN:
SF:src/utils/store.js
FNF:0
FNH:0
DA:3,3
LF:1
LH:1
BRF:0
BRH:0
end_of_record
TN:
SF:src/utils/useOnline.js
FN:3,(anonymous_0)
FN:5,(anonymous_1)
FN:6,(anonymous_2)
FN:7,(anonymous_3)
FN:12,(anonymous_4)
FNF:5
FNH:3
FNDA:12,(anonymous_0)
FNDA:7,(anonymous_1)
FNDA:0,(anonymous_2)
FNDA:0,(anonymous_3)
FNDA:7,(anonymous_4)
DA:3,3
DA:4,12
DA:5,12
DA:6,7
DA:7,7
DA:9,7
DA:10,7
DA:12,7
DA:13,7
DA:14,7
DA:20,12
LF:11
LH:11
BRF:0
BRH:0
end_of_record
TN:
SF:src/utils/useRestList.js
FN:3,useRestList
FN:6,(anonymous_1)
FN:11,getRest
FNF:3
FNH:3
FNDA:7,useRestList
FNDA:3,(anonymous_1)
FNDA:3,getRest
DA:4,7
DA:5,7
DA:6,7
DA:7,3
DA:8,3
DA:12,3
DA:13,3
DA:14,3
DA:15,3
DA:17,7
LF:10
LH:10
BRF:0
BRH:0
end_of_record
TN:
SF:src/utils/useRestMenu.js
FN:6,(anonymous_0)
FN:8,(anonymous_1)
FN:12,menuList
FNF:3
FNH:3
FNDA:3,(anonymous_0)
FNDA:1,(anonymous_1)
FNDA:1,menuList
DA:6,1
DA:7,3
DA:8,3
DA:9,1
DA:13,1
DA:14,1
DA:15,1
DA:17,3
LF:8
LH:8
BRF:0
BRH:0
end_of_record
